29/01/22 08:02:30 : INFO :  -- Ejecutando la descarga de los datos... 
29/01/22 08:02:33 : INFO : Se ha descargado la información de museo.csv
29/01/22 08:02:33 : INFO : Se guardó en: Cultura_dataset/museos/2022-enero/museos-29-01-2022.csv
29/01/22 08:02:39 : INFO : Se ha descargado la información de cine.csv
29/01/22 08:02:39 : INFO : Se guardó en: Cultura_dataset/cines/2022-enero/cines-29-01-2022.csv
29/01/22 08:02:43 : INFO : Se ha descargado la información de biblioteca_popular.csv
29/01/22 08:02:43 : INFO : Se guardó en: Cultura_dataset/bibliotecas/2022-enero/bibliotecas-29-01-2022.csv
29/01/22 08:02:43 : INFO : ...... Terminó la descarga de las tablas (1ra Parte) 
29/01/22 08:02:43 : INFO :  -- Ejecutando el procesamiento de los datos...
29/01/22 08:02:45 : INFO : Carpeta y archivos encontrados.
29/01/22 08:02:45 : INFO : Archivo leído: /home/leono/prueba/cultura_argentina/Cultura_dataset/bibliotecas/2022-enero/bibliotecas-29-01-2022.csv
29/01/22 08:02:45 : INFO : Archivo leído: /home/leono/prueba/cultura_argentina/Cultura_dataset/museos/2022-enero/museos-29-01-2022.csv
29/01/22 08:02:45 : INFO : Archivo leído: /home/leono/prueba/cultura_argentina/Cultura_dataset/cines/2022-enero/cines-29-01-2022.csv
29/01/22 08:02:46 : INFO : se guardó la tabla de espacios INCAA en /home/leono/prueba/cultura_argentina/Cultura_dataset/cines_INCAA.csv
29/01/22 08:02:46 : INFO : se guardó la tabla que combina las 3 categorías en /home/leono/prueba/cultura_argentina/Cultura_dataset/tabla_unica.csv
29/01/22 08:02:46 : INFO : Se guardó la tabla de "datos conjuntos" en /home/leono/prueba/cultura_argentina/Cultura_dataset/datos_conjuntos.csv
29/01/22 08:02:46 : INFO : ...... Terminó el Procesado de Datos (2da parte)
29/01/22 08:02:47 : INFO :  -- Ejecutando la creacion de la base de datos...
29/01/22 08:02:49 : INFO : Conección y creación de tablas en la base de datos.
29/01/22 08:02:50 : INFO : La información ha sido guardada en la base de datos
